# JRE version: OpenJDK Runtime Environment (8.0_76-b03) (build 1.8.0_76-release-b03)
# Java VM: OpenJDK 64-Bit Server VM (25.76-b03 mixed mode windows-amd64 compressed oops)
Heap:
 PSYoungGen      total 283136K, used 184221K [0x00000000eab00000, 0x0000000100000000, 0x0000000100000000)
  eden space 265728K, 65% used [0x00000000eab00000,0x00000000f5554a08,0x00000000fae80000)
  from space 17408K, 56% used [0x00000000fae80000,0x00000000fb812ac0,0x00000000fbf80000)
  to   space 17408K, 0% used [0x00000000fef00000,0x00000000fef00000,0x0000000100000000)
 ParOldGen       total 134144K, used 57756K [0x00000000c0000000, 0x00000000c8300000, 0x00000000eab00000)
  object space 134144K, 43% used [0x00000000c0000000,0x00000000c38671b0,0x00000000c8300000)
 Metaspace       used 73051K, capacity 76314K, committed 76544K, reserved 1116160K
  class space    used 9541K, capacity 10185K, committed 10240K, reserved 1048576K
GC Heap History (10 events):
Event: 174.945 GC heap before
{Heap before GC invocations=26 (full 3):
 PSYoungGen      total 175616K, used 167392K [0x00000000eab00000, 0x00000000f8400000, 0x0000000100000000)
  eden space 157184K, 99% used [0x00000000eab00000,0x00000000f4394b28,0x00000000f4480000)
  from space 18432K, 60% used [0x00000000f5600000,0x00000000f60e3840,0x00000000f6800000)
  to   space 17920K, 0% used [0x00000000f4480000,0x00000000f4480000,0x00000000f5600000)
 ParOldGen       total 134144K, used 46194K [0x00000000c0000000, 0x00000000c8300000, 0x00000000eab00000)
  object space 134144K, 34% used [0x00000000c0000000,0x00000000c2d1c900,0x00000000c8300000)
 Metaspace       used 68632K, capacity 71228K, committed 71424K, reserved 1112064K
  class space    used 9055K, capacity 9621K, committed 9728K, reserved 1048576K
Event: 174.962 GC heap after
Heap after GC invocations=26 (full 3):
 PSYoungGen      total 175104K, used 6936K [0x00000000eab00000, 0x00000000f9f00000, 0x0000000100000000)
  eden space 157184K, 0% used [0x00000000eab00000,0x00000000eab00000,0x00000000f4480000)
  from space 17920K, 38% used [0x00000000f4480000,0x00000000f4b46090,0x00000000f5600000)
  to   space 17920K, 0% used [0x00000000f8d80000,0x00000000f8d80000,0x00000000f9f00000)
 ParOldGen       total 134144K, used 49218K [0x00000000c0000000, 0x00000000c8300000, 0x00000000eab00000)
  object space 134144K, 36% used [0x00000000c0000000,0x00000000c3010af0,0x00000000c8300000)
 Metaspace       used 68632K, capacity 71228K, committed 71424K, reserved 1112064K
  class space    used 9055K, capacity 9621K, committed 9728K, reserved 1048576K
}
Event: 244.374 GC heap before
{Heap before GC invocations=27 (full 3):
 PSYoungGen      total 175104K, used 164120K [0x00000000eab00000, 0x00000000f9f00000, 0x0000000100000000)
  eden space 157184K, 100% used [0x00000000eab00000,0x00000000f4480000,0x00000000f4480000)
  from space 17920K, 38% used [0x00000000f4480000,0x00000000f4b46090,0x00000000f5600000)
  to   space 17920K, 0% used [0x00000000f8d80000,0x00000000f8d80000,0x00000000f9f00000)
 ParOldGen       total 134144K, used 49218K [0x00000000c0000000, 0x00000000c8300000, 0x00000000eab00000)
  object space 134144K, 36% used [0x00000000c0000000,0x00000000c3010af0,0x00000000c8300000)
 Metaspace       used 70531K, capacity 73296K, committed 73472K, reserved 1112064K
  class space    used 9279K, capacity 9883K, committed 9984K, reserved 1048576K
Event: 244.400 GC heap after
Heap after GC invocations=27 (full 3):
 PSYoungGen      total 228864K, used 3958K [0x00000000eab00000, 0x00000000f9d80000, 0x0000000100000000)
  eden space 212480K, 0% used [0x00000000eab00000,0x00000000eab00000,0x00000000f7a80000)
  from space 16384K, 24% used [0x00000000f8d80000,0x00000000f915dab0,0x00000000f9d80000)
  to   space 17920K, 0% used [0x00000000f7a80000,0x00000000f7a80000,0x00000000f8c00000)
 ParOldGen       total 134144K, used 55311K [0x00000000c0000000, 0x00000000c8300000, 0x00000000eab00000)
  object space 134144K, 41% used [0x00000000c0000000,0x00000000c3603f30,0x00000000c8300000)
 Metaspace       used 70531K, capacity 73296K, committed 73472K, reserved 1112064K
  class space    used 9279K, capacity 9883K, committed 9984K, reserved 1048576K
}
Event: 245.787 GC heap before
{Heap before GC invocations=28 (full 3):
 PSYoungGen      total 228864K, used 215810K [0x00000000eab00000, 0x00000000f9d80000, 0x0000000100000000)
  eden space 212480K, 99% used [0x00000000eab00000,0x00000000f79e2f78,0x00000000f7a80000)
  from space 16384K, 24% used [0x00000000f8d80000,0x00000000f915dab0,0x00000000f9d80000)
  to   space 17920K, 0% used [0x00000000f7a80000,0x00000000f7a80000,0x00000000f8c00000)
 ParOldGen       total 134144K, used 55311K [0x00000000c0000000, 0x00000000c8300000, 0x00000000eab00000)
  object space 134144K, 41% used [0x00000000c0000000,0x00000000c3603f30,0x00000000c8300000)
 Metaspace       used 71376K, capacity 74226K, committed 74368K, reserved 1114112K
  class space    used 9399K, capacity 10020K, committed 10112K, reserved 1048576K
Event: 245.795 GC heap after
Heap after GC invocations=28 (full 3):
 PSYoungGen      total 230400K, used 8313K [0x00000000eab00000, 0x00000000fd000000, 0x0000000100000000)
  eden space 212480K, 0% used [0x00000000eab00000,0x00000000eab00000,0x00000000f7a80000)
  from space 17920K, 46% used [0x00000000f7a80000,0x00000000f829e790,0x00000000f8c00000)
  to   space 16896K, 0% used [0x00000000fbf80000,0x00000000fbf80000,0x00000000fd000000)
 ParOldGen       total 134144K, used 55327K [0x00000000c0000000, 0x00000000c8300000, 0x00000000eab00000)
  object space 134144K, 41% used [0x00000000c0000000,0x00000000c3607f30,0x00000000c8300000)
 Metaspace       used 71376K, capacity 74226K, committed 74368K, reserved 1114112K
  class space    used 9399K, capacity 10020K, committed 10112K, reserved 1048576K
}
Event: 245.840 GC heap before
{Heap before GC invocations=29 (full 3):
 PSYoungGen      total 230400K, used 219782K [0x00000000eab00000, 0x00000000fd000000, 0x0000000100000000)
  eden space 212480K, 99% used [0x00000000eab00000,0x00000000f7983460,0x00000000f7a80000)
  from space 17920K, 46% used [0x00000000f7a80000,0x00000000f829e790,0x00000000f8c00000)
  to   space 16896K, 0% used [0x00000000fbf80000,0x00000000fbf80000,0x00000000fd000000)
 ParOldGen       total 134144K, used 55327K [0x00000000c0000000, 0x00000000c8300000, 0x00000000eab00000)
  object space 134144K, 41% used [0x00000000c0000000,0x00000000c3607f30,0x00000000c8300000)
 Metaspace       used 71376K, capacity 74226K, committed 74368K, reserved 1114112K
  class space    used 9399K, capacity 10020K, committed 10112K, reserved 1048576K
Event: 245.846 GC heap after
Heap after GC invocations=29 (full 3):
 PSYoungGen      total 282624K, used 64K [0x00000000eab00000, 0x00000000fd200000, 0x0000000100000000)
  eden space 265728K, 0% used [0x00000000eab00000,0x00000000eab00000,0x00000000fae80000)
  from space 16896K, 0% used [0x00000000fbf80000,0x00000000fbf90000,0x00000000fd000000)
  to   space 17408K, 0% used [0x00000000fae80000,0x00000000fae80000,0x00000000fbf80000)
 ParOldGen       total 134144K, used 57724K [0x00000000c0000000, 0x00000000c8300000, 0x00000000eab00000)
  object space 134144K, 43% used [0x00000000c0000000,0x00000000c385f1b0,0x00000000c8300000)
 Metaspace       used 71376K, capacity 74226K, committed 74368K, reserved 1114112K
  class space    used 9399K, capacity 10020K, committed 10112K, reserved 1048576K
}
Event: 671.441 GC heap before
{Heap before GC invocations=30 (full 3):
 PSYoungGen      total 282624K, used 265792K [0x00000000eab00000, 0x00000000fd200000, 0x0000000100000000)
  eden space 265728K, 100% used [0x00000000eab00000,0x00000000fae80000,0x00000000fae80000)
  from space 16896K, 0% used [0x00000000fbf80000,0x00000000fbf90000,0x00000000fd000000)
  to   space 17408K, 0% used [0x00000000fae80000,0x00000000fae80000,0x00000000fbf80000)
 ParOldGen       total 134144K, used 57724K [0x00000000c0000000, 0x00000000c8300000, 0x00000000eab00000)
  object space 134144K, 43% used [0x00000000c0000000,0x00000000c385f1b0,0x00000000c8300000)
 Metaspace       used 72369K, capacity 75470K, committed 75776K, reserved 1114112K
  class space    used 9499K, capacity 10134K, committed 10240K, reserved 1048576K
Event: 671.469 GC heap after
Heap after GC invocations=30 (full 3):
 PSYoungGen      total 283136K, used 9802K [0x00000000eab00000, 0x0000000100000000, 0x0000000100000000)
  eden space 265728K, 0% used [0x00000000eab00000,0x00000000eab00000,0x00000000fae80000)
  from space 17408K, 56% used [0x00000000fae80000,0x00000000fb812ac0,0x00000000fbf80000)
  to   space 17408K, 0% used [0x00000000fef00000,0x00000000fef00000,0x0000000100000000)
 ParOldGen       total 134144K, used 57756K [0x00000000c0000000, 0x00000000c8300000, 0x00000000eab00000)
  object space 134144K, 43% used [0x00000000c0000000,0x00000000c38671b0,0x00000000c8300000)
 Metaspace       used 72369K, capacity 75470K, committed 75776K, reserved 1114112K
  class space    used 9499K, capacity 10134K, committed 10240K, reserved 1048576K
}

